#
# A fatal error has been detected by the Java Runtime Environment:
#
#  EXCEPTION_ACCESS_VIOLATION (0xc0000005) at pc=0x00007ff85087fd3e, pid=16868, tid=7328
#
# JRE version: Java(TM) SE Runtime Environment 18.9 (11.0.7+8) (build 11.0.7+8-LTS)
# Java VM: Java HotSpot(TM) 64-Bit Server VM 18.9 (11.0.7+8-LTS, mixed mode, tiered, compressed oops, g1 gc, windows-amd64)
# Problematic frame:
# C  [awt.dll+0x8fd3e]
#
# No core dump will be written. Minidumps are not enabled by default on client versions of Windows
#
# If you would like to submit a bug report, please visit:
#   https://bugreport.java.com/bugreport/crash.jsp
# The crash happened outside the Java Virtual Machine in native code.
# See problematic frame for where to report the bug.
#

---------------  S U M M A R Y ------------

Command Line: -Dfile.encoding=UTF8 -Dapplication.home=C:\Program Files\Java\jdk-11.0.7 --add-opens=java.base/java.io=jdk.jconsole -Djconsole.showOutputViewer -Xms8m -Djdk.module.main=jdk.jconsole jdk.jconsole/sun.tools.jconsole.JConsole

Host: Intel(R) Core(TM) i7-8750H CPU @ 2.20GHz, 12 cores, 15G,  Windows 10 , 64 bit Build 19041 (10.0.19041.546)
Time: Tue Nov 10 22:08:07 2020 東京 (標準時) elapsed time: 0 seconds (0d 0h 0m 0s)

---------------  T H R E A D  ---------------

Current thread (0x0000024d33504800):  JavaThread "AWT-EventQueue-0" [_thread_in_native, id=7328, stack(0x000000b7efb00000,0x000000b7efc00000)]

Stack: [0x000000b7efb00000,0x000000b7efc00000],  sp=0x000000b7efbfc750,  free space=1009k
Native frames: (J=compiled Java code, j=interpreted, Vv=VM code, C=native code)
C  [awt.dll+0x8fd3e]

Java frames: (J=compiled Java code, j=interpreted, Vv=VM code)
j  sun.awt.windows.WComponentPeer._setFont(Ljava/awt/Font;)V+0 java.desktop@11.0.7
j  sun.awt.windows.WComponentPeer.setFont(Ljava/awt/Font;)V+7 java.desktop@11.0.7
j  sun.awt.windows.WWindowPeer.initialize()V+42 java.desktop@11.0.7
j  sun.awt.windows.WFramePeer.initialize()V+1 java.desktop@11.0.7
j  sun.awt.windows.WComponentPeer.<init>(Ljava/awt/Component;)V+83 java.desktop@11.0.7
j  sun.awt.windows.WCanvasPeer.<init>(Ljava/awt/Component;)V+2 java.desktop@11.0.7
j  sun.awt.windows.WPanelPeer.<init>(Ljava/awt/Component;)V+2 java.desktop@11.0.7
j  sun.awt.windows.WWindowPeer.<init>(Ljava/awt/Window;)V+2 java.desktop@11.0.7
j  sun.awt.windows.WFramePeer.<init>(Ljava/awt/Frame;)V+2 java.desktop@11.0.7
j  sun.awt.windows.WToolkit.createFrame(Ljava/awt/Frame;)Ljava/awt/peer/FramePeer;+5 java.desktop@11.0.7
j  java.awt.Frame.addNotify()V+20 java.desktop@11.0.7
j  java.awt.Window.show()V+8 java.desktop@11.0.7
j  java.awt.Component.show(Z)V+5 java.desktop@11.0.7
j  java.awt.Component.setVisible(Z)V+2 java.desktop@11.0.7
j  java.awt.Window.setVisible(Z)V+2 java.desktop@11.0.7
j  sun.tools.jconsole.JConsole$6.run()V+155 jdk.jconsole@11.0.7
j  java.awt.event.InvocationEvent.dispatch()V+47 java.desktop@11.0.7
j  java.awt.EventQueue.dispatchEventImpl(Ljava/awt/AWTEvent;Ljava/lang/Object;)V+21 java.desktop@11.0.7
j  java.awt.EventQueue$4.run()Ljava/lang/Void;+32 java.desktop@11.0.7
j  java.awt.EventQueue$4.run()Ljava/lang/Object;+1 java.desktop@11.0.7
v  ~StubRoutines::call_stub
j  java.security.AccessController.doPrivileged(Ljava/security/PrivilegedAction;Ljava/security/AccessControlContext;)Ljava/lang/Object;+0 java.base@11.0.7
j  java.security.ProtectionDomain$JavaSecurityAccessImpl.doIntersectionPrivilege(Ljava/security/PrivilegedAction;Ljava/security/AccessControlContext;Ljava/security/AccessControlContext;)Ljava/lang/Object;+18 java.base@11.0.7
j  java.awt.EventQueue.dispatchEvent(Ljava/awt/AWTEvent;)V+46 java.desktop@11.0.7
j  java.awt.EventDispatchThread.pumpOneEventForFilters(I)V+78 java.desktop@11.0.7
j  java.awt.EventDispatchThread.pumpEventsForFilter(ILjava/awt/Conditional;Ljava/awt/EventFilter;)V+35 java.desktop@11.0.7
j  java.awt.EventDispatchThread.pumpEventsForHierarchy(ILjava/awt/Conditional;Ljava/awt/Component;)V+11 java.desktop@11.0.7
j  java.awt.EventDispatchThread.pumpEvents(ILjava/awt/Conditional;)V+4 java.desktop@11.0.7
j  java.awt.EventDispatchThread.pumpEvents(Ljava/awt/Conditional;)V+3 java.desktop@11.0.7
j  java.awt.EventDispatchThread.run()V+9 java.desktop@11.0.7
v  ~StubRoutines::call_stub

siginfo: EXCEPTION_ACCESS_VIOLATION (0xc0000005), reading address 0x0000000000000058


Register to memory mapping:

RIP=0x00007ff85087fd3e awt.dll
RAX=0x00007ff8508fc750 awt.dll
RBX=0x0000024d33504b40 points into unknown readable memory: 70 9d f7 66 f8 7f 00 00
RCX=0x0000024d35b1d1b0 points into unknown readable memory: 50 c7 8f 50 f8 7f 00 00
RDX=0x0 is NULL
RSP=0x000000b7efbfc750 is pointing into the stack for thread: 0x0000024d33504800
RBP=0x0 is NULL
RSI=0x0000024d35aeb8e0 is a global jni handle
RDI=0x0000024d35aeb8e8 is a global jni handle
R8 =0x0000000000000004 is an unknown value
R9 =0x00000008000bb530 is a pointer to class: 
java.awt.Font {0x00000008000bb538}
R10=0x0000000000008000 is an unknown value
R11=0x000000b7efbfc750 is pointing into the stack for thread: 0x0000024d33504800
R12=0x0 is NULL
R13={method} {0x0000024d32e5c938} '_setFont' '(Ljava/awt/Font;)V' in 'sun/awt/windows/WComponentPeer'
R14=0x0000024d35b1d1b0 points into unknown readable memory: 50 c7 8f 50 f8 7f 00 00
R15=0x0000024d3578c7d0 points into unknown readable memory: e0 b8 ae 35 4d 02 00 00


Registers:
RAX=0x00007ff8508fc750, RBX=0x0000024d33504b40, RCX=0x0000024d35b1d1b0, RDX=0x0000000000000000
RSP=0x000000b7efbfc750, RBP=0x0000000000000000, RSI=0x0000024d35aeb8e0, RDI=0x0000024d35aeb8e8
R8 =0x0000000000000004, R9 =0x00000008000bb530, R10=0x0000000000008000, R11=0x000000b7efbfc750
R12=0x0000000000000000, R13=0x0000024d32e5c930, R14=0x0000024d35b1d1b0, R15=0x0000024d3578c7d0
RIP=0x00007ff85087fd3e, EFLAGS=0x0000000000010206

Top of Stack: (sp=0x000000b7efbfc750)
0x000000b7efbfc750:   0000024d3578c7d0 0000024d35b1d1b0
0x000000b7efbfc760:   0000024d3578c7d0 0000024d35b1d1b0
0x000000b7efbfc770:   0000024d35aeb8e8 00007ff850884de1
0x000000b7efbfc780:   0000024d33504b40 0000024d33504b40
0x000000b7efbfc790:   0000000000000000 0000024d35aeb8e0
0x000000b7efbfc7a0:   0000024d33504800 000000b7efbfc8f8
0x000000b7efbfc7b0:   0000024d3578c7d0 00007ff8508be75b
0x000000b7efbfc7c0:   00007ff8509463f8 000000b7efbfc8d0
0x000000b7efbfc7d0:   00007ff850884cb4 0000000000000000
0x000000b7efbfc7e0:   fffffffffffffffe fffffffffffffffe
0x000000b7efbfc7f0:   0000024d35aeb8e0 00007ff850885fa8
0x000000b7efbfc800:   0000024d35aeb8e8 000000b7efbfc8f0
0x000000b7efbfc810:   000000b7efbfc8f0 00007ff8509463f8
0x000000b7efbfc820:   fffffffffffffffe 00007ff8668d9b0d
0x000000b7efbfc830:   0000024d16e29e67 0000024d16e2fe08
0x000000b7efbfc840:   0000024d32e5c930 0000000000000000 

Instructions: (pc=0x00007ff85087fd3e)
0x00007ff85087fd1e:   d1 48 8b 0d d2 45 0c 00 48 89 15 cb 45 0c 00 e9
0x00007ff85087fd2e:   42 70 04 00 cc cc 48 89 5c 24 08 57 48 83 ec 20
0x00007ff85087fd3e:   83 7a 58 00 48 8b da 48 8b f9 7d 08 48 8b ca e8
0x00007ff85087fd4e:   be 98 01 00 4c 8b 43 48 45 33 c9 48 8b 4f 48 4d 


Stack slot to memory mapping:
stack at sp + 0 slots: 0x0000024d3578c7d0 points into unknown readable memory: e0 b8 ae 35 4d 02 00 00
stack at sp + 1 slots: 0x0000024d35b1d1b0 points into unknown readable memory: 50 c7 8f 50 f8 7f 00 00
stack at sp + 2 slots: 0x0000024d3578c7d0 points into unknown readable memory: e0 b8 ae 35 4d 02 00 00
stack at sp + 3 slots: 0x0000024d35b1d1b0 points into unknown readable memory: 50 c7 8f 50 f8 7f 00 00
stack at sp + 4 slots: 0x0000024d35aeb8e8 is a global jni handle
stack at sp + 5 slots: 0x00007ff850884de1 awt.dll
stack at sp + 6 slots: 0x0000024d33504b40 points into unknown readable memory: 70 9d f7 66 f8 7f 00 00
stack at sp + 7 slots: 0x0000024d33504b40 points into unknown readable memory: 70 9d f7 66 f8 7f 00 00


---------------  P R O C E S S  ---------------

Threads class SMR info:
_java_thread_list=0x0000024d33ae4220, length=17, elements={
0x0000024d3277c800, 0x0000024d327a6800, 0x0000024d327bf000, 0x0000024d327c0000,
0x0000024d327c2000, 0x0000024d327d4000, 0x0000024d327d7000, 0x0000024d331db800,
0x0000024d331d0000, 0x0000024d334f5000, 0x0000024d33505800, 0x0000024d33500000,
0x0000024d33504000, 0x0000024d33500800, 0x0000024d33504800, 0x0000024d33501800,
0x0000024d35793800
}

Java Threads: ( => current thread )
  0x0000024d3277c800 JavaThread "Reference Handler" daemon [_thread_blocked, id=3500, stack(0x000000b7ee700000,0x000000b7ee800000)]
  0x0000024d327a6800 JavaThread "Finalizer" daemon [_thread_blocked, id=25384, stack(0x000000b7ee800000,0x000000b7ee900000)]
  0x0000024d327bf000 JavaThread "Signal Dispatcher" daemon [_thread_blocked, id=2232, stack(0x000000b7ee900000,0x000000b7eea00000)]
  0x0000024d327c0000 JavaThread "Attach Listener" daemon [_thread_blocked, id=17024, stack(0x000000b7eea00000,0x000000b7eeb00000)]
  0x0000024d327c2000 JavaThread "C2 CompilerThread0" daemon [_thread_blocked, id=16344, stack(0x000000b7eeb00000,0x000000b7eec00000)]
  0x0000024d327d4000 JavaThread "C1 CompilerThread0" daemon [_thread_blocked, id=24884, stack(0x000000b7eec00000,0x000000b7eed00000)]
  0x0000024d327d7000 JavaThread "Sweeper thread" daemon [_thread_blocked, id=21576, stack(0x000000b7eed00000,0x000000b7eee00000)]
  0x0000024d331db800 JavaThread "Common-Cleaner" daemon [_thread_blocked, id=25316, stack(0x000000b7eee00000,0x000000b7eef00000)]
  0x0000024d331d0000 JavaThread "Service Thread" daemon [_thread_blocked, id=24724, stack(0x000000b7eef00000,0x000000b7ef000000)]
  0x0000024d334f5000 JavaThread "Java2D Disposer" daemon [_thread_blocked, id=22524, stack(0x000000b7ef200000,0x000000b7ef300000)]
  0x0000024d33505800 JavaThread "AWT-Shutdown" [_thread_blocked, id=8100, stack(0x000000b7ef300000,0x000000b7ef400000)]
  0x0000024d33500000 JavaThread "AWT-Windows" daemon [_thread_in_native, id=3308, stack(0x000000b7ef400000,0x000000b7ef500000)]
  0x0000024d33504000 JavaThread "Thread-0" [_thread_blocked, id=25520, stack(0x000000b7ef900000,0x000000b7efa00000)]
  0x0000024d33500800 JavaThread "Thread-1" [_thread_blocked, id=22796, stack(0x000000b7efa00000,0x000000b7efb00000)]
=>0x0000024d33504800 JavaThread "AWT-EventQueue-0" [_thread_in_native, id=7328, stack(0x000000b7efb00000,0x000000b7efc00000)]
  0x0000024d33501800 JavaThread "DestroyJavaVM" [_thread_blocked, id=24776, stack(0x000000b7ee000000,0x000000b7ee100000)]
  0x0000024d35793800 JavaThread "C2 CompilerThread1" daemon [_thread_blocked, id=24188, stack(0x000000b7ef700000,0x000000b7ef800000)]

Other Threads:
  0x0000024d3277a800 VMThread "VM Thread" [stack: 0x000000b7ee600000,0x000000b7ee700000] [id=17672]
  0x0000024d331da000 WatcherThread [stack: 0x000000b7ef000000,0x000000b7ef100000] [id=23244]
  0x0000024d0ea25000 GCTaskThread "GC Thread#0" [stack: 0x000000b7ee100000,0x000000b7ee200000] [id=23736]
  0x0000024d334c2800 GCTaskThread "GC Thread#1" [stack: 0x000000b7ef100000,0x000000b7ef200000] [id=2144]
  0x0000024d334d2000 GCTaskThread "GC Thread#2" [stack: 0x000000b7ef500000,0x000000b7ef600000] [id=19344]
  0x0000024d334d2800 GCTaskThread "GC Thread#3" [stack: 0x000000b7ef600000,0x000000b7ef700000] [id=18576]
  0x0000024d35af2000 GCTaskThread "GC Thread#4" [stack: 0x000000b7ef800000,0x000000b7ef900000] [id=16604]
  0x0000024d35794800 GCTaskThread "GC Thread#5" [stack: 0x000000b7efe00000,0x000000b7eff00000] [id=23840]
  0x0000024d35795000 GCTaskThread "GC Thread#6" [stack: 0x000000b7eff00000,0x000000b7f0000000] [id=12988]
  0x0000024d35bad000 GCTaskThread "GC Thread#7" [stack: 0x000000b7f0000000,0x000000b7f0100000] [id=3788]
  0x0000024d35c48000 GCTaskThread "GC Thread#8" [stack: 0x000000b7f0100000,0x000000b7f0200000] [id=12460]
  0x0000024d35bb0800 GCTaskThread "GC Thread#9" [stack: 0x000000b7f0200000,0x000000b7f0300000] [id=23940]
  0x0000024d0ea83000 ConcurrentGCThread "G1 Main Marker" [stack: 0x000000b7ee200000,0x000000b7ee300000] [id=24208]
  0x0000024d0ea84800 ConcurrentGCThread "G1 Conc#0" [stack: 0x000000b7ee300000,0x000000b7ee400000] [id=5552]
  0x0000024d0eadc000 ConcurrentGCThread "G1 Refine#0" [stack: 0x000000b7ee400000,0x000000b7ee500000] [id=8944]
  0x0000024d0eadd000 ConcurrentGCThread "G1 Young RemSet Sampling" [stack: 0x000000b7ee500000,0x000000b7ee600000] [id=19608]

Threads with active compile tasks:

VM state:not at safepoint (normal execution)

VM Mutex/Monitor currently owned by a thread: None

Heap address: 0x0000000702600000, size: 4058 MB, Compressed Oops mode: Zero based, Oop shift amount: 3
Narrow klass base: 0x0000000800000000, Narrow klass shift: 0
Compressed class space size: 1073741824 Address: 0x0000000800000000

Heap:
 garbage-first heap   total 10240K, used 3572K [0x0000000702600000, 0x0000000800000000)
  region size 1024K, 3 young (3072K), 1 survivors (1024K)
 Metaspace       used 13375K, capacity 13797K, committed 14080K, reserved 1060864K
  class space    used 1484K, capacity 1667K, committed 1792K, reserved 1048576K
Heap Regions: E=young(eden), S=young(survivor), O=old, HS=humongous(starts), HC=humongous(continues), CS=collection set, F=free, A=archive, TAMS=top-at-mark-start (previous, next)
|   0|0x0000000702600000, 0x0000000702700000, 0x0000000702700000|100%| O|  |TAMS 0x0000000702600000, 0x0000000702600000| Untracked 
|   1|0x0000000702700000, 0x000000070277d000, 0x0000000702800000| 48%| O|  |TAMS 0x0000000702700000, 0x0000000702700000| Untracked 
|   2|0x0000000702800000, 0x0000000702800000, 0x0000000702900000|  0%| F|  |TAMS 0x0000000702800000, 0x0000000702800000| Untracked 
|   3|0x0000000702900000, 0x0000000702900000, 0x0000000702a00000|  0%| F|  |TAMS 0x0000000702900000, 0x0000000702900000| Untracked 
|   4|0x0000000702a00000, 0x0000000702a00000, 0x0000000702b00000|  0%| F|  |TAMS 0x0000000702a00000, 0x0000000702a00000| Untracked 
|   5|0x0000000702b00000, 0x0000000702b00000, 0x0000000702c00000|  0%| F|  |TAMS 0x0000000702b00000, 0x0000000702b00000| Untracked 
|   6|0x0000000702c00000, 0x0000000702c00000, 0x0000000702d00000|  0%| F|  |TAMS 0x0000000702c00000, 0x0000000702c00000| Untracked 
|   7|0x0000000702d00000, 0x0000000702e00000, 0x0000000702e00000|100%| S|CS|TAMS 0x0000000702d00000, 0x0000000702d00000| Complete 
|   8|0x0000000702e00000, 0x0000000702e6a590, 0x0000000702f00000| 41%| E|  |TAMS 0x0000000702e00000, 0x0000000702e00000| Complete 
|   9|0x0000000702f00000, 0x0000000703000000, 0x0000000703000000|100%| E|CS|TAMS 0x0000000702f00000, 0x0000000702f00000| Complete 

Card table byte_map: [0x0000024d26b70000,0x0000024d27360000] _byte_map_base: 0x0000024d2335d000

Marking Bits (Prev, Next): (CMBitMap*) 0x0000024d0ea72578, (CMBitMap*) 0x0000024d0ea725b0
 Prev Bits: [0x0000024d27b50000, 0x0000024d2bab8000)
 Next Bits: [0x0000024d2bac0000, 0x0000024d2fa28000)

Polling page: 0x0000024d0c810000

Metaspace:

Usage:
  Non-class:     11.85 MB capacity,    11.61 MB ( 98%) used,   198.39 KB (  2%) free+waste,    40.56 KB ( <1%) overhead. 
      Class:      1.63 MB capacity,     1.45 MB ( 89%) used,   160.40 KB ( 10%) free+waste,    21.81 KB (  1%) overhead. 
       Both:     13.47 MB capacity,    13.06 MB ( 97%) used,   358.79 KB (  3%) free+waste,    62.38 KB ( <1%) overhead. 

Virtual space:
  Non-class space:       12.00 MB reserved,      12.00 MB (100%) committed 
      Class space:        1.00 GB reserved,       1.75 MB ( <1%) committed 
             Both:        1.01 GB reserved,      13.75 MB (  1%) committed 

Chunk freelists:
   Non-Class:  3.75 KB
       Class:  0 bytes
        Both:  3.75 KB

CodeHeap 'non-profiled nmethods': size=120000Kb used=394Kb max_used=394Kb free=119606Kb
 bounds [0x0000024d1e8f0000, 0x0000024d1eb60000, 0x0000024d25e20000]
CodeHeap 'profiled nmethods': size=120000Kb used=1714Kb max_used=1714Kb free=118285Kb
 bounds [0x0000024d173c0000, 0x0000024d17630000, 0x0000024d1e8f0000]
CodeHeap 'non-nmethods': size=5760Kb used=1171Kb max_used=1197Kb free=4588Kb
 bounds [0x0000024d16e20000, 0x0000024d17090000, 0x0000024d173c0000]
 total_blobs=1736 nmethods=991 adapters=420
 compilation: enabled
              stopped_count=0, restarted_count=0
 full_count=0

Compilation events (10 events):
Event: 0.719 Thread 0x0000024d327d4000  983       3       java.lang.invoke.BoundMethodHandle$Species_L::make (11 bytes)
Event: 0.719 Thread 0x0000024d327d4000 nmethod 983 0x0000024d17569c90 code [0x0000024d17569e40, 0x0000024d1756a110]
Event: 0.723 Thread 0x0000024d327d4000  985       3       java.lang.StringLatin1::replace (196 bytes)
Event: 0.723 Thread 0x0000024d327c2000  987       4       java.lang.AbstractStringBuilder::appendChars (130 bytes)
Event: 0.723 Thread 0x0000024d35793800  986       4       java.lang.invoke.InvokerBytecodeGenerator::emitImplicitConversion (159 bytes)
Event: 0.723 Thread 0x0000024d327d4000 nmethod 985 0x0000024d1756a210 code [0x0000024d1756a480, 0x0000024d1756b180]
Event: 0.723 Thread 0x0000024d327d4000  984       3       java.lang.invoke.LambdaForm::methodType (48 bytes)
Event: 0.724 Thread 0x0000024d327d4000 nmethod 984 0x0000024d1756b610 code [0x0000024d1756b800, 0x0000024d1756be80]
Event: 0.724 Thread 0x0000024d327d4000  988       3       java.lang.invoke.MethodType::insertParameterTypes (10 bytes)
Event: 0.724 Thread 0x0000024d327d4000 nmethod 988 0x0000024d1756c110 code [0x0000024d1756c300, 0x0000024d1756c7e0]

GC Heap History (10 events):
Event: 0.237 GC heap before
{Heap before GC invocations=1 (full 0):
 garbage-first heap   total 8192K, used 2148K [0x0000000702600000, 0x0000000800000000)
  region size 1024K, 2 young (2048K), 1 survivors (1024K)
 Metaspace       used 8676K, capacity 8885K, committed 9216K, reserved 1056768K
  class space    used 850K, capacity 925K, committed 1024K, reserved 1048576K
}
Event: 0.238 GC heap after
{Heap after GC invocations=2 (full 0):
 garbage-first heap   total 8192K, used 1361K [0x0000000702600000, 0x0000000800000000)
  region size 1024K, 1 young (1024K), 1 survivors (1024K)
 Metaspace       used 8676K, capacity 8885K, committed 9216K, reserved 1056768K
  class space    used 850K, capacity 925K, committed 1024K, reserved 1048576K
}
Event: 0.274 GC heap before
{Heap before GC invocations=2 (full 0):
 garbage-first heap   total 8192K, used 2385K [0x0000000702600000, 0x0000000800000000)
  region size 1024K, 2 young (2048K), 1 survivors (1024K)
 Metaspace       used 9646K, capacity 9897K, committed 10112K, reserved 1058816K
  class space    used 960K, capacity 1076K, committed 1152K, reserved 1048576K
}
Event: 0.276 GC heap after
{Heap after GC invocations=3 (full 0):
 garbage-first heap   total 8192K, used 1518K [0x0000000702600000, 0x0000000800000000)
  region size 1024K, 1 young (1024K), 1 survivors (1024K)
 Metaspace       used 9646K, capacity 9897K, committed 10112K, reserved 1058816K
  class space    used 960K, capacity 1076K, committed 1152K, reserved 1048576K
}
Event: 0.290 GC heap before
{Heap before GC invocations=3 (full 0):
 garbage-first heap   total 8192K, used 2542K [0x0000000702600000, 0x0000000800000000)
  region size 1024K, 2 young (2048K), 1 survivors (1024K)
 Metaspace       used 9841K, capacity 10132K, committed 10368K, reserved 1058816K
  class space    used 999K, capacity 1120K, committed 1152K, reserved 1048576K
}
Event: 0.291 GC heap after
{Heap after GC invocations=4 (full 0):
 garbage-first heap   total 8192K, used 1651K [0x0000000702600000, 0x0000000800000000)
  region size 1024K, 1 young (1024K), 1 survivors (1024K)
 Metaspace       used 9841K, capacity 10132K, committed 10368K, reserved 1058816K
  class space    used 999K, capacity 1120K, committed 1152K, reserved 1048576K
}
Event: 0.317 GC heap before
{Heap before GC invocations=4 (full 0):
 garbage-first heap   total 8192K, used 2675K [0x0000000702600000, 0x0000000800000000)
  region size 1024K, 2 young (2048K), 1 survivors (1024K)
 Metaspace       used 10283K, capacity 10594K, committed 10752K, reserved 1058816K
  class space    used 1075K, capacity 1239K, committed 1280K, reserved 1048576K
}
Event: 0.318 GC heap after
{Heap after GC invocations=5 (full 0):
 garbage-first heap   total 10240K, used 1885K [0x0000000702600000, 0x0000000800000000)
  region size 1024K, 1 young (1024K), 1 survivors (1024K)
 Metaspace       used 10283K, capacity 10594K, committed 10752K, reserved 1058816K
  class space    used 1075K, capacity 1239K, committed 1280K, reserved 1048576K
}
Event: 0.610 GC heap before
{Heap before GC invocations=5 (full 0):
 garbage-first heap   total 10240K, used 3933K [0x0000000702600000, 0x0000000800000000)
  region size 1024K, 3 young (3072K), 1 survivors (1024K)
 Metaspace       used 11579K, capacity 11950K, committed 12160K, reserved 1060864K
  class space    used 1222K, capacity 1393K, committed 1408K, reserved 1048576K
}
Event: 0.612 GC heap after
{Heap after GC invocations=6 (full 0):
 garbage-first heap   total 10240K, used 2548K [0x0000000702600000, 0x0000000800000000)
  region size 1024K, 1 young (1024K), 1 survivors (1024K)
 Metaspace       used 11579K, capacity 11950K, committed 12160K, reserved 1060864K
  class space    used 1222K, capacity 1393K, committed 1408K, reserved 1048576K
}

Deoptimization events (10 events):
Event: 0.323 Thread 0x0000024d0ea12800 Uncommon trap: reason=unstable_if action=reinterpret pc=0x0000024d1e907bd4 method=java.lang.StringLatin1.canEncode(I)Z @ 4 c2
Event: 0.599 Thread 0x0000024d33504800 Uncommon trap: reason=unstable_if action=reinterpret pc=0x0000024d1e905418 method=java.lang.String.hashCode()I @ 22 c2
Event: 0.599 Thread 0x0000024d33504800 Uncommon trap: reason=unstable_if action=reinterpret pc=0x0000024d1e8fc3dc method=java.lang.String.equals(Ljava/lang/Object;)Z @ 34 c2
Event: 0.612 Thread 0x0000024d33504800 Uncommon trap: reason=unstable_if action=reinterpret pc=0x0000024d1e9206f4 method=java.util.concurrent.ConcurrentHashMap.get(Ljava/lang/Object;)Ljava/lang/Object; @ 152 c2
Event: 0.628 Thread 0x0000024d33504800 Uncommon trap: reason=unstable_if action=reinterpret pc=0x0000024d1e93a820 method=java.lang.StringLatin1.toLowerCase(Ljava/lang/String;[BLjava/util/Locale;)Ljava/lang/String; @ 40 c2
Event: 0.631 Thread 0x0000024d33504800 Uncommon trap: reason=unstable_if action=reinterpret pc=0x0000024d1e938308 method=java.util.HashMap.putVal(ILjava/lang/Object;Ljava/lang/Object;ZZ)Ljava/lang/Object; @ 81 c2
Event: 0.646 Thread 0x0000024d33504800 Uncommon trap: reason=unstable_if action=reinterpret pc=0x0000024d1e8f8438 method=java.util.HashMap.hash(Ljava/lang/Object;)I @ 1 c2
Event: 0.650 Thread 0x0000024d33504800 Uncommon trap: reason=predicate action=maybe_recompile pc=0x0000024d1e93ee38 method=java.util.ArrayList.indexOfRange(Ljava/lang/Object;II)I @ 45 c2
Event: 0.661 Thread 0x0000024d33504800 Uncommon trap: reason=class_check action=maybe_recompile pc=0x0000024d1e93c204 method=java.util.HashMap.getNode(ILjava/lang/Object;)Ljava/util/HashMap$Node; @ 126 c2
Event: 0.719 Thread 0x0000024d33504800 Uncommon trap: reason=unstable_if action=reinterpret pc=0x0000024d1e92221c method=java.lang.StringLatin1.replace([BCC)Ljava/lang/String; @ 19 c2

Classes redefined (0 events):
No events

Internal exceptions (10 events):
Event: 0.288 Thread 0x0000024d0ea12800 Exception <a 'java/lang/NoSuchMethodError'{0x0000000702dbf5b0}: java.lang.invoke.DirectMethodHandle$Holder.invokeStatic(Ljava/lang/Object;Ljava/lang/Object;Ljava/lang/Object;Ljava/lang/Object;Ljava/lang/Object;Ljava/lang/Object;Ljava/lang/Object;Ljava/lan
Event: 0.289 Thread 0x0000024d0ea12800 Exception <a 'java/lang/NoSuchMethodError'{0x0000000702de0a88}: java.lang.invoke.DirectMethodHandle$Holder.invokeStatic(Ljava/lang/Object;Ljava/lang/Object;Ljava/lang/Object;Ljava/lang/Object;Ljava/lang/Object;Ljava/lang/Object;Ljava/lang/Object;Ljava/lan
Event: 0.296 Thread 0x0000024d0ea12800 Exception <a 'java/lang/NoSuchMethodError'{0x0000000702d60b98}: java.lang.invoke.DirectMethodHandle$Holder.invokeStatic(Ljava/lang/Object;Ljava/lang/Object;Ljava/lang/Object;Ljava/lang/Object;Ljava/lang/Object;Ljava/lang/Object;Ljava/lang/Object;Ljava/lan
Event: 0.297 Thread 0x0000024d0ea12800 Exception <a 'java/lang/NoSuchMethodError'{0x0000000702d6da08}: java.lang.invoke.DirectMethodHandle$Holder.invokeStatic(Ljava/lang/Object;Ljava/lang/Object;Ljava/lang/Object;Ljava/lang/Object;Ljava/lang/Object;Ljava/lang/Object;Ljava/lang/Object;Ljava/lan
Event: 0.305 Thread 0x0000024d0ea12800 Exception <a 'java/lang/ClassNotFoundException'{0x0000000702dc4800}: com/sun/java/swing/plaf/windows/resources/spi/windowsProvider> (0x0000000702dc4800) thrown at [./open/src/hotspot/share/classfile/systemDictionary.cpp, line 228]
Event: 0.306 Thread 0x0000024d0ea12800 Exception <a 'java/lang/ClassNotFoundException'{0x0000000702dca9b0}: com/sun/swing/internal/plaf/basic/resources/spi/basicProvider> (0x0000000702dca9b0) thrown at [./open/src/hotspot/share/classfile/systemDictionary.cpp, line 228]
Event: 0.576 Thread 0x0000024d33504800 Exception <a 'java/io/FileNotFoundException'{0x0000000702fe41d8}> (0x0000000702fe41d8) thrown at [./open/src/hotspot/share/prims/jni.cpp, line 611]
Event: 0.576 Thread 0x0000024d33504800 Exception <a 'java/lang/NullPointerException'{0x0000000702fe4b18}> (0x0000000702fe4b18) thrown at [./open/src/hotspot/share/interpreter/linkResolver.cpp, line 1354]
Event: 0.646 Thread 0x0000024d33504800 Implicit null exception at 0x0000024d1e8f83af to 0x0000024d1e8f8429
Event: 0.725 Thread 0x0000024d33504800 Exception <a 'java/lang/NoSuchMethodError'{0x0000000702e638b0}: java.lang.invoke.Invokers$Holder.linkToTargetMethod(Ljava/lang/Object;ILjava/lang/Object;)Ljava/lang/Object;> (0x0000000702e638b0) thrown at [./open/src/hotspot/share/interpreter/linkResolver

Events (10 events):
Event: 0.721 loading class sun/awt/windows/WingDings$Encoder
Event: 0.721 loading class sun/awt/windows/WingDings$Encoder done
Event: 0.721 loading class sun/awt/Symbol
Event: 0.722 loading class sun/awt/Symbol done
Event: 0.722 loading class sun/awt/Symbol$Encoder
Event: 0.722 loading class sun/awt/Symbol$Encoder done
Event: 0.722 Executing VM operation: RevokeBias
Event: 0.722 Executing VM operation: RevokeBias done
Event: 0.724 Executing VM operation: RevokeBias
Event: 0.724 Executing VM operation: RevokeBias done


Dynamic libraries:
0x00007ff6103f0000 - 0x00007ff6103f8000 	C:\Program Files\Java\jdk-11.0.7\bin\jconsole.exe
0x00007ff8af030000 - 0x00007ff8af226000 	C:\WINDOWS\SYSTEM32\ntdll.dll
0x00007ff8ad9d0000 - 0x00007ff8ada8d000 	C:\WINDOWS\System32\KERNEL32.DLL
0x00007ff8acb60000 - 0x00007ff8ace28000 	C:\WINDOWS\System32\KERNELBASE.dll
0x00007ff8ace30000 - 0x00007ff8acf30000 	C:\WINDOWS\System32\ucrtbase.dll
0x00007ff8699b0000 - 0x00007ff8699c6000 	C:\Program Files\Java\jdk-11.0.7\bin\VCRUNTIME140.dll
0x00007ff8988d0000 - 0x00007ff89890f000 	C:\Program Files\Java\jdk-11.0.7\bin\jli.dll
0x00007ff8aebf0000 - 0x00007ff8aec9c000 	C:\WINDOWS\System32\ADVAPI32.dll
0x00007ff8ad910000 - 0x00007ff8ad9ae000 	C:\WINDOWS\System32\msvcrt.dll
0x00007ff8ad870000 - 0x00007ff8ad90b000 	C:\WINDOWS\System32\sechost.dll
0x00007ff8aea90000 - 0x00007ff8aebb3000 	C:\WINDOWS\System32\RPCRT4.dll
0x00007ff8aeca0000 - 0x00007ff8aee40000 	C:\WINDOWS\System32\USER32.dll
0x00007ff8ac9e0000 - 0x00007ff8aca02000 	C:\WINDOWS\System32\win32u.dll
0x00007ff8ada90000 - 0x00007ff8adaba000 	C:\WINDOWS\System32\GDI32.dll
0x00007ff88f820000 - 0x00007ff88fabb000 	C:\WINDOWS\WinSxS\amd64_microsoft.windows.common-controls_6595b64144ccf1df_6.0.19041.488_none_ca04af081b815d21\COMCTL32.dll
0x00007ff8ac8d0000 - 0x00007ff8ac9d9000 	C:\WINDOWS\System32\gdi32full.dll
0x00007ff8aca10000 - 0x00007ff8acaad000 	C:\WINDOWS\System32\msvcp_win.dll
0x00007ff8a5670000 - 0x00007ff8a567a000 	C:\WINDOWS\SYSTEM32\VERSION.dll
0x00007ff8aebc0000 - 0x00007ff8aebf0000 	C:\WINDOWS\System32\IMM32.DLL
0x00007ff868950000 - 0x00007ff8689fa000 	C:\Program Files\Java\jdk-11.0.7\bin\msvcp140.dll
0x00007ff866550000 - 0x00007ff8670b1000 	C:\Program Files\Java\jdk-11.0.7\bin\server\jvm.dll
0x00007ff8ad3f0000 - 0x00007ff8ad3f8000 	C:\WINDOWS\System32\PSAPI.DLL
0x00007ff86b2e0000 - 0x00007ff86b2e9000 	C:\WINDOWS\SYSTEM32\WSOCK32.dll
0x00007ff88f7f0000 - 0x00007ff88f817000 	C:\WINDOWS\SYSTEM32\WINMM.dll
0x00007ff8ade30000 - 0x00007ff8ade9b000 	C:\WINDOWS\System32\WS2_32.dll
0x00007ff8aa680000 - 0x00007ff8aa692000 	C:\WINDOWS\SYSTEM32\kernel.appcore.dll
0x00007ff869990000 - 0x00007ff8699a1000 	C:\Program Files\Java\jdk-11.0.7\bin\verify.dll
0x00007ff8a32c0000 - 0x00007ff8a34a4000 	C:\WINDOWS\SYSTEM32\DBGHELP.DLL
0x00007ff8a3290000 - 0x00007ff8a32bc000 	C:\WINDOWS\SYSTEM32\dbgcore.DLL
0x00007ff8acf60000 - 0x00007ff8acfdf000 	C:\WINDOWS\System32\bcryptPrimitives.dll
0x00007ff869900000 - 0x00007ff869929000 	C:\Program Files\Java\jdk-11.0.7\bin\java.dll
0x00007ff86b260000 - 0x00007ff86b26a000 	C:\Program Files\Java\jdk-11.0.7\bin\jimage.dll
0x00007ff865590000 - 0x00007ff8655a6000 	C:\Program Files\Java\jdk-11.0.7\bin\zip.dll
0x00007ff8adfb0000 - 0x00007ff8ae6f1000 	C:\WINDOWS\System32\SHELL32.dll
0x00007ff8aa880000 - 0x00007ff8ab015000 	C:\WINDOWS\SYSTEM32\windows.storage.dll
0x00007ff8adad0000 - 0x00007ff8ade25000 	C:\WINDOWS\System32\combase.dll
0x00007ff8ac1e0000 - 0x00007ff8ac20c000 	C:\WINDOWS\SYSTEM32\Wldp.dll
0x00007ff8ae9e0000 - 0x00007ff8aea8e000 	C:\WINDOWS\System32\SHCORE.dll
0x00007ff8ad390000 - 0x00007ff8ad3e5000 	C:\WINDOWS\System32\shlwapi.dll
0x00007ff8ac6a0000 - 0x00007ff8ac6c6000 	C:\WINDOWS\SYSTEM32\profapi.dll
0x00007ff8507f0000 - 0x00007ff85098f000 	C:\Program Files\Java\jdk-11.0.7\bin\awt.dll
0x00007ff8ad1d0000 - 0x00007ff8ad29d000 	C:\WINDOWS\System32\OLEAUT32.dll
0x00007ff8aa0c0000 - 0x00007ff8aa150000 	C:\WINDOWS\SYSTEM32\apphelp.dll
0x00007ff8aa1c0000 - 0x00007ff8aa25e000 	C:\WINDOWS\system32\uxtheme.dll
0x00007ff8aee40000 - 0x00007ff8aef55000 	C:\WINDOWS\System32\MSCTF.dll
0x00007ff8ae8b0000 - 0x00007ff8ae9da000 	C:\WINDOWS\System32\ole32.dll
0x00007ff8aa4a0000 - 0x00007ff8aa4cf000 	C:\WINDOWS\system32\DWMAPI.DLL
0x00007ff869b40000 - 0x00007ff869c65000 	C:\WINDOWS\system32\opengl32.dll
0x00007ff86b480000 - 0x00007ff86b4ac000 	C:\WINDOWS\SYSTEM32\GLU32.dll
0x00007ff8825e0000 - 0x00007ff8827ae000 	C:\WINDOWS\system32\d3d9.dll
0x00007ff850510000 - 0x00007ff850675000 	C:\WINDOWS\System32\DriverStore\FileRepository\iigd_dch.inf_amd64_c84afe165d971f24\igdumdim64.dll
0x00007ff84bd90000 - 0x00007ff850510000 	C:\WINDOWS\System32\DriverStore\FileRepository\iigd_dch.inf_amd64_c84afe165d971f24\igd9dxva64.dll
0x00007ff8ad400000 - 0x00007ff8ad867000 	C:\WINDOWS\System32\SETUPAPI.dll
0x00007ff8ad040000 - 0x00007ff8ad08e000 	C:\WINDOWS\System32\cfgmgr32.dll
0x00007ff8acf30000 - 0x00007ff8acf57000 	C:\WINDOWS\System32\bcrypt.dll
0x00007ff87e4b0000 - 0x00007ff87e708000 	C:\WINDOWS\System32\DriverStore\FileRepository\iigd_dch.inf_amd64_c84afe165d971f24\igdgmm64.dll
0x00007ff877930000 - 0x00007ff877a32000 	C:\WINDOWS\System32\DriverStore\FileRepository\nvcvi.inf_amd64_cfb4ba051dd14c23\nvldumdx.dll
0x00007ff8ac360000 - 0x00007ff8ac372000 	C:\WINDOWS\SYSTEM32\msasn1.dll
0x00007ff8a2ee0000 - 0x00007ff8a2f11000 	C:\WINDOWS\SYSTEM32\cryptnet.dll
0x00007ff8ac770000 - 0x00007ff8ac8cd000 	C:\WINDOWS\System32\CRYPT32.dll
0x00007ff8ac130000 - 0x00007ff8ac13c000 	C:\WINDOWS\SYSTEM32\cryptbase.dll
0x00007ff8acfe0000 - 0x00007ff8ad040000 	C:\WINDOWS\System32\WINTRUST.DLL
0x00007ff8ad9b0000 - 0x00007ff8ad9cd000 	C:\WINDOWS\System32\imagehlp.dll
0x00007ff8ac110000 - 0x00007ff8ac128000 	C:\WINDOWS\SYSTEM32\CRYPTSP.dll
0x00007ff8ab840000 - 0x00007ff8ab874000 	C:\WINDOWS\system32\rsaenh.dll
0x00007ff844a00000 - 0x00007ff84641c000 	C:\WINDOWS\System32\DriverStore\FileRepository\nvcvi.inf_amd64_cfb4ba051dd14c23\nvd3dumx.dll
0x00007ff833240000 - 0x00007ff8334f9000 	C:\WINDOWS\system32\nvspcap64.dll
0x00007ff8ab470000 - 0x00007ff8ab4a3000 	C:\WINDOWS\SYSTEM32\ntmarta.dll
0x00007ff8ab030000 - 0x00007ff8ab053000 	C:\WINDOWS\SYSTEM32\gpapi.dll
0x00007ff8822d0000 - 0x00007ff88230b000 	C:\WINDOWS\SYSTEM32\dxcore.dll
0x00007ff843910000 - 0x00007ff843994000 	C:\Program Files\Java\jdk-11.0.7\bin\freetype.dll
0x00007ff843860000 - 0x00007ff84390b000 	C:\Program Files\Java\jdk-11.0.7\bin\fontmanager.dll
0x00007ff876e70000 - 0x00007ff876e89000 	C:\Program Files\Java\jdk-11.0.7\bin\net.dll
0x00007ff8a5890000 - 0x00007ff8a5990000 	C:\WINDOWS\SYSTEM32\WINHTTP.dll
0x00007ff8abf10000 - 0x00007ff8abf7a000 	C:\WINDOWS\system32\mswsock.dll
0x00007ff876da0000 - 0x00007ff876db3000 	C:\Program Files\Java\jdk-11.0.7\bin\nio.dll
0x00007ff8a5fd0000 - 0x00007ff8a5fe4000 	C:\WINDOWS\system32\Wtsapi32.dll
0x00007ff8ab4e0000 - 0x00007ff8ab53a000 	C:\WINDOWS\SYSTEM32\WINSTA.dll

dbghelp: loaded successfully - version: 4.0.5 - missing functions: none
symbol engine: initialized successfully - sym options: 0x614 - pdb path: .;C:\Program Files\Java\jdk-11.0.7\bin;C:\WINDOWS\SYSTEM32;C:\WINDOWS\WinSxS\amd64_microsoft.windows.common-controls_6595b64144ccf1df_6.0.19041.488_none_ca04af081b815d21;C:\Program Files\Java\jdk-11.0.7\bin\server;C:\WINDOWS\System32\DriverStore\FileRepository\iigd_dch.inf_amd64_c84afe165d971f24;C:\WINDOWS\System32\DriverStore\FileRepository\nvcvi.inf_amd64_cfb4ba051dd14c23

VM Arguments:
jvm_args: -Dfile.encoding=UTF8 -Dapplication.home=C:\Program Files\Java\jdk-11.0.7 --add-opens=java.base/java.io=jdk.jconsole -Djconsole.showOutputViewer -Xms8m -Djdk.module.main=jdk.jconsole 
java_command: jdk.jconsole/sun.tools.jconsole.JConsole
java_class_path (initial): <not set>
Launcher Type: SUN_STANDARD

[Global flags]
     intx CICompilerCount                          = 4                                         {product} {ergonomic}
     uint ConcGCThreads                            = 3                                         {product} {ergonomic}
     uint G1ConcRefinementThreads                  = 10                                        {product} {ergonomic}
   size_t G1HeapRegionSize                         = 1048576                                   {product} {ergonomic}
    uintx GCDrainStackTargetSize                   = 64                                        {product} {ergonomic}
   size_t InitialHeapSize                          = 8388608                                   {product} {command line}
   size_t MarkStackSize                            = 4194304                                   {product} {ergonomic}
   size_t MaxHeapSize                              = 4255121408                                {product} {ergonomic}
   size_t MaxNewSize                               = 2552233984                                {product} {ergonomic}
   size_t MinHeapDeltaBytes                        = 1048576                                   {product} {ergonomic}
    uintx NonNMethodCodeHeapSize                   = 5836300                                {pd product} {ergonomic}
    uintx NonProfiledCodeHeapSize                  = 122910970                              {pd product} {ergonomic}
    uintx ProfiledCodeHeapSize                     = 122910970                              {pd product} {ergonomic}
    uintx ReservedCodeCacheSize                    = 251658240                              {pd product} {ergonomic}
     bool SegmentedCodeCache                       = true                                      {product} {ergonomic}
     bool UseCompressedClassPointers               = true                                 {lp64_product} {ergonomic}
     bool UseCompressedOops                        = true                                 {lp64_product} {ergonomic}
     bool UseG1GC                                  = true                                      {product} {ergonomic}
     bool UseLargePagesIndividualAllocation        = false                                  {pd product} {ergonomic}

Logging:
Log output configuration:
 #0: stdout all=warning uptime,level,tags
 #1: stderr all=off uptime,level,tags

Environment Variables:
JAVA_HOME=C:\Program Files\Java\jdk-11.0.7
JAVA_TOOL_OPTIONS= -Dfile.encoding=UTF8
PATH=C:\Program Files (x86)\IntelSWTools\compilers_and_libraries_2020.4.311\windows\mpi\intel64\bin;C:\Program Files (x86)\Common Files\Intel\Shared Libraries\redist\intel64_win\mpirt;C:\Program Files (x86)\Common Files\Intel\Shared Libraries\redist\ia32_win\mpirt;C:\Program Files (x86)\Common Files\Intel\Shared Libraries\redist\intel64_win\compiler;C:\Program Files (x86)\Common Files\Intel\Shared Libraries\redist\ia32_win\compiler;C:\Program Files (x86)\VMware\VMware Player\bin\;C:\Python27\;C:\Python27\Scripts;C:\Windows\system32;C:\Windows;C:\Windows\System32\Wbem;C:\Windows\System32\WindowsPowerShell\v1.0\;C:\Windows\System32\OpenSSH\;C:\Program Files\NVIDIA Corporation\NVIDIA NvDLISR;C:\Program Files\Microsoft VS Code\bin;C:\Program Files (x86)\NVIDIA Corporation\PhysX\Common;C:\Program Files\Java\jdk-11.0.7\bin;C:\WINDOWS\system32;C:\WINDOWS;C:\WINDOWS\System32\Wbem;C:\WINDOWS\System32\WindowsPowerShell\v1.0\;C:\WINDOWS\System32\OpenSSH\;C:\Program Files\dotnet\;C:\Program Files (x86)\Mercurial;C:\mbed-cli\mbed-cmd;C:\Program Files\Git\cmd;C:\Program Files\Git\mingw64\bin;C:\Program Files\Git\usr\bin;C:\Users\miyam\.cargo\bin;C:\Program Files (x86)\GNU Tools ARM Embedded\6 2017-q2-update\bin;C:\Python27;C:\mbed-cmd;C:\Users\miyam\AppData\Local\Microsoft\WindowsApps;C:\openCV\build\x64\vc15\bin;D:\Program\ChromeDriver;C:\Users\miyam\AppData\Local\Microsoft\WindowsApps;
USERNAME=miyam
OS=Windows_NT
PROCESSOR_IDENTIFIER=Intel64 Family 6 Model 158 Stepping 10, GenuineIntel



---------------  S Y S T E M  ---------------

OS: Windows 10 , 64 bit Build 19041 (10.0.19041.546)

CPU:total 12 (initial active 12) (6 cores per cpu, 2 threads per core) family 6 model 158 stepping 10, cmov, cx8, fxsr, mmx, sse, sse2, sse3, ssse3, sse4.1, sse4.2, popcnt, avx, avx2, aes, clmul, erms, 3dnowpref, lzcnt, ht, tsc, tscinvbit, bmi1, bmi2, adx, fma

Memory: 4k page, system-wide physical 16231M (5944M free)
TotalPageFile size 21351M (AvailPageFile size 6686M)
current process WorkingSet (physical memory assigned to process): 80M, peak: 85M
current process commit charge ("private bytes"): 134M, peak: 139M

vm_info: Java HotSpot(TM) 64-Bit Server VM (11.0.7+8-LTS) for windows-amd64 JRE (11.0.7+8-LTS), built on Mar 12 2020 02:04:32 by "mach5one" with MS VC++ 15.5 (VS2017)

END.
